<?xml version="1.0" encoding="UTF-8"?>
<testsuite xmlns:xsi="http://www.w3.org/2001/XMLSchema-instance" xsi:noNamespaceSchemaLocation="https://maven.apache.org/surefire/maven-surefire-plugin/xsd/surefire-test-report-3.0.xsd" version="3.0" name="com.flogin.controller.AuthControllerIntegrationTest" time="10.686" tests="20" errors="0" skipped="0" failures="0">
  <properties>
[...]
</properties>
  <testcase name="testLoginWithSpecialCharacters" classname="com.flogin.controller.AuthControllerIntegrationTest" time="1.165">
    <system-out><![CDATA[22:47:10.904 [main] INFO org.springframework.test.context.support.AnnotationConfigContextLoaderUtils -- Could not detect default configuration classes for test class [com.flogin.controller.AuthControllerIntegrationTest]: AuthControllerIntegrationTest does not declare any static, non-private, non-final, nested classes annotated with @Configuration.
22:47:11.361 [main] INFO org.springframework.boot.test.context.SpringBootTestContextBootstrapper -- Found @SpringBootConfiguration com.flogin.FloginApplication for test class com.flogin.controller.AuthControllerIntegrationTest
22:47:11.670 [main] INFO org.springframework.boot.devtools.restart.RestartApplicationListener -- Restart disabled due to context in which it is running

  .   ____          _            __ _ _
 /\\ / ___'_ __ _ _(_)_ __  __ _ \ \ \ \
( ( )\___ | '_ | '_| | '_ \/ _` | \ \ \ \
 \\/  ___)| |_)| | | | | || (_| |  ) ) ) )
  '  |____| .__|_| |_|_| |_\__, | / / / /
 =========|_|==============|___/=/_/_/_/
 :: Spring Boot ::                (v3.2.0)

2025-11-10 22:47:12 - Starting AuthControllerIntegrationTest using Java 17.0.12 with PID 4588 (started by danhc in D:\S1Y3\Software_testing\DOAN_cuoiki\FloginFE_BE\backend)
2025-11-10 22:47:12 - Running with Spring Boot v3.2.0, Spring v6.1.1
2025-11-10 22:47:12 - The following 1 profile is active: "dev"
2025-11-10 22:47:13 - Refreshing org.springframework.web.context.support.GenericWebApplicationContext@20349058
2025-11-10 22:47:18 - 3 mappings in 'requestMappingHandlerMapping'
2025-11-10 22:47:18 - Patterns [/webjars/**, /**] in 'resourceHandlerMapping'
2025-11-10 22:47:18 - ControllerAdvice beans: 0 @ModelAttribute, 0 @InitBinder, 1 RequestBodyAdvice, 1 ResponseBodyAdvice
2025-11-10 22:47:19 - ControllerAdvice beans: 1 @ExceptionHandler, 1 ResponseBodyAdvice
2025-11-10 22:47:19 - Filter 'encodingFilter' configured for use
2025-11-10 22:47:19 - Initializing Spring TestDispatcherServlet ''
2025-11-10 22:47:19 - Initializing Servlet ''
2025-11-10 22:47:19 - Completed initialization in 0 ms
2025-11-10 22:47:19 - Started AuthControllerIntegrationTest in 7.665 seconds (process running for 10.916)
2025-11-10 22:47:19 - Mapped to com.flogin.controller.AuthController#login(LoginRequest, BindingResult)
2025-11-10 22:47:20 - Read "application/json;charset=UTF-8" to [LoginRequest[username=test.user_123, password=Test123]]
2025-11-10 22:47:20 - Using 'application/json', given [*/*] and supported [application/json, application/*+json]
2025-11-10 22:47:20 - Writing [LoginResponse[message=??ng nh?p thành công, token=dummy-token-for-test.user_123]]
]]></system-out>
  </testcase>
  <testcase name="testLoginEmptyUsername" classname="com.flogin.controller.AuthControllerIntegrationTest" time="0.016">
    <system-out><![CDATA[2025-11-10 22:47:20 - Mapped to com.flogin.controller.AuthController#login(LoginRequest, BindingResult)
2025-11-10 22:47:20 - Read "application/json;charset=UTF-8" to [LoginRequest[username=, password=Test123]]
2025-11-10 22:47:20 - Using 'application/json', given [*/*] and supported [application/json, application/*+json]
2025-11-10 22:47:20 - Writing [LoginResponse[message=Username không ???c ?? tr?ng, token=null]]
]]></system-out>
  </testcase>
  <testcase name="testLoginEmptyBody" classname="com.flogin.controller.AuthControllerIntegrationTest" time="0.0">
    <system-out><![CDATA[2025-11-10 22:47:20 - Mapped to com.flogin.controller.AuthController#login(LoginRequest, BindingResult)
2025-11-10 22:47:20 - Read "application/json;charset=UTF-8" to [LoginRequest[username=null, password=null]]
2025-11-10 22:47:20 - Using 'application/json', given [*/*] and supported [application/json, application/*+json]
2025-11-10 22:47:20 - Writing [LoginResponse[message=Username không ???c ?? tr?ng, token=null]]
]]></system-out>
  </testcase>
  <testcase name="testLoginResponseStructure" classname="com.flogin.controller.AuthControllerIntegrationTest" time="0.037">
    <system-out><![CDATA[2025-11-10 22:47:20 - Mapped to com.flogin.controller.AuthController#login(LoginRequest, BindingResult)
2025-11-10 22:47:20 - Read "application/json;charset=UTF-8" to [LoginRequest[username=testuser, password=Test123]]
2025-11-10 22:47:20 - Using 'application/json', given [*/*] and supported [application/json, application/*+json]
2025-11-10 22:47:20 - Writing [LoginResponse[message=??ng nh?p thành công, token=dummy-token-for-testuser]]
]]></system-out>
  </testcase>
  <testcase name="testLoginSuccess" classname="com.flogin.controller.AuthControllerIntegrationTest" time="0.068">
    <system-out><![CDATA[2025-11-10 22:47:20 - Mapped to com.flogin.controller.AuthController#login(LoginRequest, BindingResult)
2025-11-10 22:47:20 - Read "application/json;charset=UTF-8" to [LoginRequest[username=testuser, password=Test123]]
2025-11-10 22:47:20 - Using 'application/json', given [*/*] and supported [application/json, application/*+json]
2025-11-10 22:47:20 - Writing [LoginResponse[message=??ng nh?p thành công, token=dummy-token-for-testuser]]

MockHttpServletRequest:
      HTTP Method = POST
      Request URI = /api/auth/login
       Parameters = {}
          Headers = [Content-Type:"application/json;charset=UTF-8", Content-Length:"44"]
             Body = {"username":"testuser","password":"Test123"}
    Session Attrs = {}

Handler:
             Type = com.flogin.controller.AuthController
           Method = com.flogin.controller.AuthController#login(LoginRequest, BindingResult)

Async:
    Async started = false
     Async result = null

Resolved Exception:
             Type = null

ModelAndView:
        View name = null
             View = null
            Model = null

FlashMap:
       Attributes = null

MockHttpServletResponse:
           Status = 200
    Error message = null
          Headers = [Vary:"Origin", "Access-Control-Request-Method", "Access-Control-Request-Headers", Content-Type:"application/json;charset=UTF-8"]
     Content type = application/json;charset=UTF-8
             Body = {"message":"??ng nh?p thành công","token":"dummy-token-for-testuser"}
    Forwarded URL = null
   Redirected URL = null
          Cookies = []
]]></system-out>
  </testcase>
  <testcase name="testLoginInactiveAccount" classname="com.flogin.controller.AuthControllerIntegrationTest" time="0.016">
    <system-out><![CDATA[2025-11-10 22:47:20 - Mapped to com.flogin.controller.AuthController#login(LoginRequest, BindingResult)
2025-11-10 22:47:20 - Read "application/json;charset=UTF-8" to [LoginRequest[username=testuser, password=Test123]]
2025-11-10 22:47:20 - Using 'application/json', given [*/*] and supported [application/json, application/*+json]
2025-11-10 22:47:20 - Writing [LoginResponse[message=Tài kho?n c?a b?n ?ã b? khóa!, token=null]]
]]></system-out>
  </testcase>
  <testcase name="testLoginUtf8Encoding" classname="com.flogin.controller.AuthControllerIntegrationTest" time="0.016">
    <system-out><![CDATA[2025-11-10 22:47:20 - Mapped to com.flogin.controller.AuthController#login(LoginRequest, BindingResult)
2025-11-10 22:47:20 - Read "application/json;charset=UTF-8" to [LoginRequest[username=tàikho?n, password=M?tkh?u123]]
2025-11-10 22:47:20 - Using 'application/json', given [*/*] and supported [application/json, application/*+json]
2025-11-10 22:47:20 - Writing [LoginResponse[message=??ng nh?p thành công, token=dummy-token-for-tàikho?n]]
]]></system-out>
  </testcase>
  <testcase name="testLoginNullValues" classname="com.flogin.controller.AuthControllerIntegrationTest" time="0.015">
    <system-out><![CDATA[2025-11-10 22:47:20 - Mapped to com.flogin.controller.AuthController#login(LoginRequest, BindingResult)
2025-11-10 22:47:20 - Read "application/json;charset=UTF-8" to [LoginRequest[username=null, password=null]]
2025-11-10 22:47:20 - Using 'application/json', given [*/*] and supported [application/json, application/*+json]
2025-11-10 22:47:20 - Writing [LoginResponse[message=Password không ???c ?? tr?ng, token=null]]
]]></system-out>
  </testcase>
  <testcase name="testLoginMultipleRequests" classname="com.flogin.controller.AuthControllerIntegrationTest" time="0.052">
    <system-out><![CDATA[2025-11-10 22:47:20 - Mapped to com.flogin.controller.AuthController#login(LoginRequest, BindingResult)
2025-11-10 22:47:20 - Read "application/json;charset=UTF-8" to [LoginRequest[username=testuser, password=Test123]]
2025-11-10 22:47:20 - Using 'application/json', given [*/*] and supported [application/json, application/*+json]
2025-11-10 22:47:20 - Writing [LoginResponse[message=??ng nh?p thành công, token=dummy-token-for-testuser]]
2025-11-10 22:47:20 - Mapped to com.flogin.controller.AuthController#login(LoginRequest, BindingResult)
2025-11-10 22:47:20 - Read "application/json;charset=UTF-8" to [LoginRequest[username=testuser, password=Test123]]
2025-11-10 22:47:20 - Using 'application/json', given [*/*] and supported [application/json, application/*+json]
2025-11-10 22:47:20 - Writing [LoginResponse[message=??ng nh?p thành công, token=dummy-token-for-testuser]]
2025-11-10 22:47:20 - Mapped to com.flogin.controller.AuthController#login(LoginRequest, BindingResult)
2025-11-10 22:47:20 - Read "application/json;charset=UTF-8" to [LoginRequest[username=testuser, password=Test123]]
2025-11-10 22:47:20 - Using 'application/json', given [*/*] and supported [application/json, application/*+json]
2025-11-10 22:47:20 - Writing [LoginResponse[message=??ng nh?p thành công, token=dummy-token-for-testuser]]
2025-11-10 22:47:20 - Mapped to com.flogin.controller.AuthController#login(LoginRequest, BindingResult)
2025-11-10 22:47:20 - Read "application/json;charset=UTF-8" to [LoginRequest[username=testuser, password=Test123]]
2025-11-10 22:47:20 - Using 'application/json', given [*/*] and supported [application/json, application/*+json]
2025-11-10 22:47:20 - Writing [LoginResponse[message=??ng nh?p thành công, token=dummy-token-for-testuser]]
2025-11-10 22:47:20 - Mapped to com.flogin.controller.AuthController#login(LoginRequest, BindingResult)
2025-11-10 22:47:20 - Read "application/json;charset=UTF-8" to [LoginRequest[username=testuser, password=Test123]]
2025-11-10 22:47:20 - Using 'application/json', given [*/*] and supported [application/json, application/*+json]
2025-11-10 22:47:20 - Writing [LoginResponse[message=??ng nh?p thành công, token=dummy-token-for-testuser]]
]]></system-out>
  </testcase>
  <testcase name="testLoginMinUsernameLength" classname="com.flogin.controller.AuthControllerIntegrationTest" time="0.028">
    <system-out><![CDATA[2025-11-10 22:47:20 - Mapped to com.flogin.controller.AuthController#login(LoginRequest, BindingResult)
2025-11-10 22:47:20 - Read "application/json;charset=UTF-8" to [LoginRequest[username=abc, password=Test123]]
2025-11-10 22:47:20 - Using 'application/json', given [*/*] and supported [application/json, application/*+json]
2025-11-10 22:47:20 - Writing [LoginResponse[message=??ng nh?p thành công, token=dummy-token-for-abc]]
]]></system-out>
  </testcase>
  <testcase name="testLoginEmptyPassword" classname="com.flogin.controller.AuthControllerIntegrationTest" time="0.016">
    <system-out><![CDATA[2025-11-10 22:47:20 - Mapped to com.flogin.controller.AuthController#login(LoginRequest, BindingResult)
2025-11-10 22:47:20 - Read "application/json;charset=UTF-8" to [LoginRequest[username=testuser, password=]]
2025-11-10 22:47:20 - Using 'application/json', given [*/*] and supported [application/json, application/*+json]
2025-11-10 22:47:20 - Writing [LoginResponse[message=Password không ???c ?? tr?ng, token=null]]
]]></system-out>
  </testcase>
  <testcase name="testLoginResponseTime" classname="com.flogin.controller.AuthControllerIntegrationTest" time="0.004">
    <system-out><![CDATA[2025-11-10 22:47:20 - Mapped to com.flogin.controller.AuthController#login(LoginRequest, BindingResult)
2025-11-10 22:47:20 - Read "application/json;charset=UTF-8" to [LoginRequest[username=testuser, password=Test123]]
2025-11-10 22:47:20 - Using 'application/json', given [*/*] and supported [application/json, application/*+json]
2025-11-10 22:47:20 - Writing [LoginResponse[message=??ng nh?p thành công, token=dummy-token-for-testuser]]
]]></system-out>
  </testcase>
  <testcase name="testLoginPreflightRequest" classname="com.flogin.controller.AuthControllerIntegrationTest" time="0.018">
    <system-out><![CDATA[2025-11-10 22:47:20 - Mapped to com.flogin.controller.AuthController#login(LoginRequest, BindingResult)
]]></system-out>
  </testcase>
  <testcase name="testLoginCorsHeaders" classname="com.flogin.controller.AuthControllerIntegrationTest" time="0.017">
    <system-out><![CDATA[2025-11-10 22:47:20 - Mapped to com.flogin.controller.AuthController#login(LoginRequest, BindingResult)
2025-11-10 22:47:20 - Read "application/json;charset=UTF-8" to [LoginRequest[username=testuser, password=Test123]]
2025-11-10 22:47:20 - Using 'application/json', given [*/*] and supported [application/json, application/*+json]
2025-11-10 22:47:20 - Writing [LoginResponse[message=??ng nh?p thành công, token=dummy-token-for-testuser]]
]]></system-out>
  </testcase>
  <testcase name="testLoginInvalidJson" classname="com.flogin.controller.AuthControllerIntegrationTest" time="0.02">
    <system-out><![CDATA[2025-11-10 22:47:20 - Mapped to com.flogin.controller.AuthController#login(LoginRequest, BindingResult)
2025-11-10 22:47:20 - Could not resolve parameter [0] in public org.springframework.http.ResponseEntity<com.flogin.dto.LoginResponse> com.flogin.controller.AuthController.login(com.flogin.dto.LoginRequest,org.springframework.validation.BindingResult): JSON parse error: Unexpected character ('i' (code 105)): was expecting double-quote to start field name
2025-11-10 22:47:20 - Using @ExceptionHandler com.flogin.config.GlobalExceptionHandler#handleRuntimeException(RuntimeException)
2025-11-10 22:47:20 - Using 'text/plain', given [*/*] and supported [text/plain, */*, application/json, application/*+json]
2025-11-10 22:47:20 - Writing ["JSON parse error: Unexpected character ('i' (code 105)): was expecting double-quote to start field n (truncated)..."]
2025-11-10 22:47:20 - Resolved [org.springframework.http.converter.HttpMessageNotReadableException: JSON parse error: Unexpected character ('i' (code 105)): was expecting double-quote to start field name]
]]></system-out>
  </testcase>
  <testcase name="testLoginMinPasswordLength" classname="com.flogin.controller.AuthControllerIntegrationTest" time="0.017">
    <system-out><![CDATA[2025-11-10 22:47:20 - Mapped to com.flogin.controller.AuthController#login(LoginRequest, BindingResult)
2025-11-10 22:47:20 - Read "application/json;charset=UTF-8" to [LoginRequest[username=testuser, password=Pass12]]
2025-11-10 22:47:20 - Using 'application/json', given [*/*] and supported [application/json, application/*+json]
2025-11-10 22:47:20 - Writing [LoginResponse[message=??ng nh?p thành công, token=dummy-token-for-testuser]]
]]></system-out>
  </testcase>
  <testcase name="testLoginWrongContentType" classname="com.flogin.controller.AuthControllerIntegrationTest" time="0.017">
    <system-out><![CDATA[2025-11-10 22:47:20 - Mapped to com.flogin.controller.AuthController#login(LoginRequest, BindingResult)
2025-11-10 22:47:20 - Could not resolve parameter [0] in public org.springframework.http.ResponseEntity<com.flogin.dto.LoginResponse> com.flogin.controller.AuthController.login(com.flogin.dto.LoginRequest,org.springframework.validation.BindingResult): Content-Type 'text/plain;charset=UTF-8' is not supported
2025-11-10 22:47:20 - Resolved [org.springframework.web.HttpMediaTypeNotSupportedException: Content-Type 'text/plain;charset=UTF-8' is not supported]
]]></system-out>
  </testcase>
  <testcase name="testLoginMaxUsernameLength" classname="com.flogin.controller.AuthControllerIntegrationTest" time="0.018">
    <system-out><![CDATA[2025-11-10 22:47:20 - Mapped to com.flogin.controller.AuthController#login(LoginRequest, BindingResult)
2025-11-10 22:47:20 - Read "application/json;charset=UTF-8" to [LoginRequest[username=aaaaaaaaaaaaaaaaaaaaaaaaaaaaaaaaaaaaaaaaaaaaaaaaaa, password=Test123]]
2025-11-10 22:47:20 - Using 'application/json', given [*/*] and supported [application/json, application/*+json]
2025-11-10 22:47:20 - Writing [LoginResponse[message=??ng nh?p thành công, token=dummy-token-for-aaaaaaaaaaaaaaaaaaaaaaaaaaaaaaaaaa (truncated)...]
]]></system-out>
  </testcase>
  <testcase name="testLoginInvalidCredentials" classname="com.flogin.controller.AuthControllerIntegrationTest" time="0.018">
    <system-out><![CDATA[2025-11-10 22:47:20 - Mapped to com.flogin.controller.AuthController#login(LoginRequest, BindingResult)
2025-11-10 22:47:20 - Read "application/json;charset=UTF-8" to [LoginRequest[username=testuser, password=Test123]]
2025-11-10 22:47:20 - Using 'application/json', given [*/*] and supported [application/json, application/*+json]
2025-11-10 22:47:20 - Writing [LoginResponse[message=Sai tên tài kho?n ho?c m?t kh?u!, token=null]]

MockHttpServletRequest:
      HTTP Method = POST
      Request URI = /api/auth/login
       Parameters = {}
          Headers = [Content-Type:"application/json;charset=UTF-8", Content-Length:"44"]
             Body = {"username":"testuser","password":"Test123"}
    Session Attrs = {}

Handler:
             Type = com.flogin.controller.AuthController
           Method = com.flogin.controller.AuthController#login(LoginRequest, BindingResult)

Async:
    Async started = false
     Async result = null

Resolved Exception:
             Type = null

ModelAndView:
        View name = null
             View = null
            Model = null

FlashMap:
       Attributes = null

MockHttpServletResponse:
           Status = 401
    Error message = null
          Headers = [Vary:"Origin", "Access-Control-Request-Method", "Access-Control-Request-Headers", Content-Type:"application/json;charset=UTF-8"]
     Content type = application/json;charset=UTF-8
             Body = {"message":"Sai tên tài kho?n ho?c m?t kh?u!","token":null}
    Forwarded URL = null
   Redirected URL = null
          Cookies = []
]]></system-out>
  </testcase>
  <testcase name="testLoginMissingContentType" classname="com.flogin.controller.AuthControllerIntegrationTest" time="0.016">
    <system-out><![CDATA[2025-11-10 22:47:21 - Mapped to com.flogin.controller.AuthController#login(LoginRequest, BindingResult)
2025-11-10 22:47:21 - Could not resolve parameter [0] in public org.springframework.http.ResponseEntity<com.flogin.dto.LoginResponse> com.flogin.controller.AuthController.login(com.flogin.dto.LoginRequest,org.springframework.validation.BindingResult): Content-Type 'application/octet-stream' is not supported
2025-11-10 22:47:21 - Resolved [org.springframework.web.HttpMediaTypeNotSupportedException: Content-Type 'application/octet-stream' is not supported]
]]></system-out>
  </testcase>
</testsuite>