<?xml version="1.0" encoding="UTF-8"?>
<testsuite xmlns:xsi="http://www.w3.org/2001/XMLSchema-instance" xsi:noNamespaceSchemaLocation="https://maven.apache.org/surefire/maven-surefire-plugin/xsd/surefire-test-report-3.0.xsd" version="3.0" name="com.flogin.controller.ProductControllerIntegrationTest" time="0.991" tests="20" errors="0" skipped="0" failures="0">
  <properties>
[...]
</properties>
  <testcase name="testGetProductByIdInvalidId" classname="com.flogin.controller.ProductControllerIntegrationTest" time="0.018">
    <system-out><![CDATA[2025-11-11 11:01:18 - Could not detect default configuration classes for test class [com.flogin.controller.ProductControllerIntegrationTest]: ProductControllerIntegrationTest does not declare any static, non-private, non-final, nested classes annotated with @Configuration.
2025-11-11 11:01:18 - Found @SpringBootConfiguration com.flogin.FloginApplication for test class com.flogin.controller.ProductControllerIntegrationTest
2025-11-11 11:01:18 - Restart disabled due to context in which it is running

  .   ____          _            __ _ _
 /\\ / ___'_ __ _ _(_)_ __  __ _ \ \ \ \
( ( )\___ | '_ | '_| | '_ \/ _` | \ \ \ \
 \\/  ___)| |_)| | | | | || (_| |  ) ) ) )
  '  |____| .__|_| |_|_| |_\__, | / / / /
 =========|_|==============|___/=/_/_/_/
 :: Spring Boot ::                (v3.2.0)

2025-11-11 11:01:18 - Starting ProductControllerIntegrationTest using Java 17.0.12 with PID 14676 (started by Admin in C:\Users\Admin\Downloads\FloginFE_BE\backend)
2025-11-11 11:01:18 - Running with Spring Boot v3.2.0, Spring v6.1.1
2025-11-11 11:01:18 - The following 1 profile is active: "dev"
2025-11-11 11:01:18 - Refreshing org.springframework.web.context.support.GenericWebApplicationContext@3c744de9
2025-11-11 11:01:19 - 7 mappings in 'requestMappingHandlerMapping'
2025-11-11 11:01:19 - Patterns [/webjars/**, /**] in 'resourceHandlerMapping'
2025-11-11 11:01:19 - ControllerAdvice beans: 0 @ModelAttribute, 0 @InitBinder, 1 RequestBodyAdvice, 1 ResponseBodyAdvice
2025-11-11 11:01:19 - ControllerAdvice beans: 1 @ExceptionHandler, 1 ResponseBodyAdvice
2025-11-11 11:01:19 - Filter 'encodingFilter' configured for use
2025-11-11 11:01:19 - Initializing Spring TestDispatcherServlet ''
2025-11-11 11:01:19 - Initializing Servlet ''
2025-11-11 11:01:19 - Completed initialization in 0 ms
2025-11-11 11:01:19 - Started ProductControllerIntegrationTest in 0.604 seconds (process running for 12.915)
2025-11-11 11:01:19 - Mapped to com.flogin.controller.ProductController#getProductById(Long)
2025-11-11 11:01:19 - Could not resolve parameter [0] in public org.springframework.http.ResponseEntity<com.flogin.dto.ProductDto> com.flogin.controller.ProductController.getProductById(java.lang.Long): Failed to convert value of type 'java.lang.String' to required type 'java.lang.Long'; For input string: "invalid"
2025-11-11 11:01:19 - Using @ExceptionHandler com.flogin.config.GlobalExceptionHandler#handleRuntimeException(RuntimeException)
2025-11-11 11:01:19 - Using 'text/plain', given [*/*] and supported [text/plain, */*, application/json, application/*+json]
2025-11-11 11:01:19 - Writing ["Failed to convert value of type 'java.lang.String' to required type 'java.lang.Long'; For input stri (truncated)..."]
2025-11-11 11:01:19 - Resolved [org.springframework.web.method.annotation.MethodArgumentTypeMismatchException: Failed to convert value of type 'java.lang.String' to required type 'java.lang.Long'; For input string: "invalid"]
]]></system-out>
  </testcase>
  <testcase name="testGetProductByIdSuccess" classname="com.flogin.controller.ProductControllerIntegrationTest" time="0.054">
    <system-out><![CDATA[2025-11-11 11:01:19 - Mapped to com.flogin.controller.ProductController#getProductById(Long)
2025-11-11 11:01:19 - Using 'application/json', given [*/*] and supported [application/json, application/*+json]
2025-11-11 11:01:19 - Writing [ProductDto(id=1, ten=Laptop Dell, gia=15000000, soLuong=10, moTa=null, categoryId=1, createdById=1)]

MockHttpServletRequest:
      HTTP Method = GET
      Request URI = /api/products/1
       Parameters = {}
          Headers = []
             Body = null
    Session Attrs = {}

Handler:
             Type = com.flogin.controller.ProductController
           Method = com.flogin.controller.ProductController#getProductById(Long)

Async:
    Async started = false
     Async result = null

Resolved Exception:
             Type = null

ModelAndView:
        View name = null
             View = null
            Model = null

FlashMap:
       Attributes = null

MockHttpServletResponse:
           Status = 200
    Error message = null
          Headers = [Vary:"Origin", "Access-Control-Request-Method", "Access-Control-Request-Headers", Content-Type:"application/json;charset=UTF-8"]
     Content type = application/json;charset=UTF-8
             Body = {"id":1,"ten":"Laptop Dell","gia":15000000,"soLuong":10,"moTa":null,"categoryId":1,"createdById":1}
    Forwarded URL = null
   Redirected URL = null
          Cookies = []
]]></system-out>
  </testcase>
  <testcase name="testGetAllProductsEmpty" classname="com.flogin.controller.ProductControllerIntegrationTest" time="0.029">
    <system-out><![CDATA[2025-11-11 11:01:19 - Mapped to com.flogin.controller.ProductController#getAllProducts()
2025-11-11 11:01:19 - Using 'application/json', given [*/*] and supported [application/json, application/*+json]
2025-11-11 11:01:19 - Writing [[]]
]]></system-out>
  </testcase>
  <testcase name="testCreateProductMinNameLength" classname="com.flogin.controller.ProductControllerIntegrationTest" time="0.017">
    <system-out><![CDATA[2025-11-11 11:01:19 - Mapped to com.flogin.controller.ProductController#createProduct(ProductDto)
2025-11-11 11:01:19 - Read "application/json;charset=UTF-8" to [ProductDto(id=null, ten=ABC, gia=100000, soLuong=10, moTa=null, categoryId=1, createdById=1)]
2025-11-11 11:01:19 - Using 'application/json', given [*/*] and supported [application/json, application/*+json]
2025-11-11 11:01:19 - Writing [ProductDto(id=null, ten=ABC, gia=100000, soLuong=10, moTa=null, categoryId=1, createdById=1)]
]]></system-out>
  </testcase>
  <testcase name="testDeleteProductInvalidId" classname="com.flogin.controller.ProductControllerIntegrationTest" time="0.009">
    <system-out><![CDATA[2025-11-11 11:01:19 - Mapped to com.flogin.controller.ProductController#deleteProduct(Long)
2025-11-11 11:01:19 - Could not resolve parameter [0] in public org.springframework.http.ResponseEntity<java.lang.Void> com.flogin.controller.ProductController.deleteProduct(java.lang.Long): Failed to convert value of type 'java.lang.String' to required type 'java.lang.Long'; For input string: "invalid"
2025-11-11 11:01:19 - Using @ExceptionHandler com.flogin.config.GlobalExceptionHandler#handleRuntimeException(RuntimeException)
2025-11-11 11:01:19 - Using 'text/plain', given [*/*] and supported [text/plain, */*, application/json, application/*+json]
2025-11-11 11:01:19 - Writing ["Failed to convert value of type 'java.lang.String' to required type 'java.lang.Long'; For input stri (truncated)..."]
2025-11-11 11:01:19 - Resolved [org.springframework.web.method.annotation.MethodArgumentTypeMismatchException: Failed to convert value of type 'java.lang.String' to required type 'java.lang.Long'; For input string: "invalid"]
]]></system-out>
  </testcase>
  <testcase name="testUpdateProductNotFound" classname="com.flogin.controller.ProductControllerIntegrationTest" time="0.015">
    <system-out><![CDATA[2025-11-11 11:01:19 - Mapped to com.flogin.controller.ProductController#updateProduct(Long, ProductDto)
2025-11-11 11:01:19 - Read "application/json;charset=UTF-8" to [ProductDto(id=null, ten=Updated Name, gia=100000, soLuong=10, moTa=null, categoryId=null, createdByI (truncated)...]
2025-11-11 11:01:19 - Using @ExceptionHandler com.flogin.config.GlobalExceptionHandler#handleRuntimeException(RuntimeException)
2025-11-11 11:01:19 - Using 'text/plain', given [*/*] and supported [text/plain, */*, application/json, application/*+json]
2025-11-11 11:01:19 - Writing ["Không tìm th?y s?n ph?m v?i id: 999"]
2025-11-11 11:01:19 - Resolved [java.lang.RuntimeException: Không tìm th?y s?n ph?m v?i id: 999]
]]></system-out>
  </testcase>
  <testcase name="testUpdateProductPriceOnly" classname="com.flogin.controller.ProductControllerIntegrationTest" time="0.005">
    <system-out><![CDATA[2025-11-11 11:01:19 - Mapped to com.flogin.controller.ProductController#updateProduct(Long, ProductDto)
2025-11-11 11:01:19 - Read "application/json;charset=UTF-8" to [ProductDto(id=null, ten=Laptop Dell, gia=12000000, soLuong=10, moTa=null, categoryId=1, createdById= (truncated)...]
2025-11-11 11:01:19 - Using 'application/json', given [*/*] and supported [application/json, application/*+json]
2025-11-11 11:01:19 - Writing [ProductDto(id=1, ten=Laptop Dell, gia=12000000, soLuong=10, moTa=null, categoryId=null, createdById= (truncated)...]
]]></system-out>
  </testcase>
  <testcase name="testCreateProductMinPrice" classname="com.flogin.controller.ProductControllerIntegrationTest" time="0.004">
    <system-out><![CDATA[2025-11-11 11:01:19 - Mapped to com.flogin.controller.ProductController#createProduct(ProductDto)
2025-11-11 11:01:19 - Read "application/json;charset=UTF-8" to [ProductDto(id=null, ten=Bút bi, gia=0.01, soLuong=100, moTa=null, categoryId=1, createdById=1)]
2025-11-11 11:01:19 - Using 'application/json', given [*/*] and supported [application/json, application/*+json]
2025-11-11 11:01:19 - Writing [ProductDto(id=null, ten=Bút bi, gia=0.01, soLuong=100, moTa=null, categoryId=1, createdById=1)]
]]></system-out>
  </testcase>
  <testcase name="testGetProductByIdNotFound" classname="com.flogin.controller.ProductControllerIntegrationTest" time="0.011">
    <system-out><![CDATA[2025-11-11 11:01:19 - Mapped to com.flogin.controller.ProductController#getProductById(Long)
2025-11-11 11:01:19 - Using @ExceptionHandler com.flogin.config.GlobalExceptionHandler#handleRuntimeException(RuntimeException)
2025-11-11 11:01:19 - Using 'text/plain', given [*/*] and supported [text/plain, */*, application/json, application/*+json]
2025-11-11 11:01:19 - Writing ["Không tìm th?y s?n ph?m v?i id: 999"]
2025-11-11 11:01:19 - Resolved [java.lang.RuntimeException: Không tìm th?y s?n ph?m v?i id: 999]
]]></system-out>
  </testcase>
  <testcase name="testCreateProductInvalidJson" classname="com.flogin.controller.ProductControllerIntegrationTest" time="0.006">
    <system-out><![CDATA[2025-11-11 11:01:19 - Mapped to com.flogin.controller.ProductController#createProduct(ProductDto)
2025-11-11 11:01:19 - Could not resolve parameter [0] in public org.springframework.http.ResponseEntity<com.flogin.dto.ProductDto> com.flogin.controller.ProductController.createProduct(com.flogin.dto.ProductDto): JSON parse error: Unexpected character ('i' (code 105)): was expecting double-quote to start field name
2025-11-11 11:01:19 - Using @ExceptionHandler com.flogin.config.GlobalExceptionHandler#handleRuntimeException(RuntimeException)
2025-11-11 11:01:19 - Using 'text/plain', given [*/*] and supported [text/plain, */*, application/json, application/*+json]
2025-11-11 11:01:19 - Writing ["JSON parse error: Unexpected character ('i' (code 105)): was expecting double-quote to start field n (truncated)..."]
2025-11-11 11:01:19 - Resolved [org.springframework.http.converter.HttpMessageNotReadableException: JSON parse error: Unexpected character ('i' (code 105)): was expecting double-quote to start field name]
]]></system-out>
  </testcase>
  <testcase name="testUpdateProductSuccess" classname="com.flogin.controller.ProductControllerIntegrationTest" time="0.011">
    <system-out><![CDATA[2025-11-11 11:01:19 - Mapped to com.flogin.controller.ProductController#updateProduct(Long, ProductDto)
2025-11-11 11:01:19 - Read "application/json;charset=UTF-8" to [ProductDto(id=null, ten=Laptop HP Updated, gia=14000000, soLuong=20, moTa=null, categoryId=1, create (truncated)...]
2025-11-11 11:01:19 - Using 'application/json', given [*/*] and supported [application/json, application/*+json]
2025-11-11 11:01:19 - Writing [ProductDto(id=1, ten=Laptop HP Updated, gia=14000000, soLuong=20, moTa=null, categoryId=1, createdBy (truncated)...]

MockHttpServletRequest:
      HTTP Method = PUT
      Request URI = /api/products/1
       Parameters = {}
          Headers = [Content-Type:"application/json;charset=UTF-8", Content-Length:"111"]
             Body = {"id":null,"ten":"Laptop HP Updated","gia":14000000,"soLuong":20,"moTa":null,"categoryId":1,"createdById":null}
    Session Attrs = {}

Handler:
             Type = com.flogin.controller.ProductController
           Method = com.flogin.controller.ProductController#updateProduct(Long, ProductDto)

Async:
    Async started = false
     Async result = null

Resolved Exception:
             Type = null

ModelAndView:
        View name = null
             View = null
            Model = null

FlashMap:
       Attributes = null

MockHttpServletResponse:
           Status = 200
    Error message = null
          Headers = [Vary:"Origin", "Access-Control-Request-Method", "Access-Control-Request-Headers", Content-Type:"application/json;charset=UTF-8"]
     Content type = application/json;charset=UTF-8
             Body = {"id":1,"ten":"Laptop HP Updated","gia":14000000,"soLuong":20,"moTa":null,"categoryId":1,"createdById":null}
    Forwarded URL = null
   Redirected URL = null
          Cookies = []
]]></system-out>
  </testcase>
  <testcase name="testCreateProductSuccess" classname="com.flogin.controller.ProductControllerIntegrationTest" time="0.014">
    <system-out><![CDATA[2025-11-11 11:01:19 - Mapped to com.flogin.controller.ProductController#createProduct(ProductDto)
2025-11-11 11:01:19 - Read "application/json;charset=UTF-8" to [ProductDto(id=null, ten=iPhone 15, gia=25000000, soLuong=5, moTa=null, categoryId=2, createdById=1)]
2025-11-11 11:01:19 - Using 'application/json', given [*/*] and supported [application/json, application/*+json]
2025-11-11 11:01:19 - Writing [ProductDto(id=3, ten=iPhone 15, gia=25000000, soLuong=5, moTa=null, categoryId=2, createdById=1)]

MockHttpServletRequest:
      HTTP Method = POST
      Request URI = /api/products
       Parameters = {}
          Headers = [Content-Type:"application/json;charset=UTF-8", Content-Length:"99"]
             Body = {"id":null,"ten":"iPhone 15","gia":25000000,"soLuong":5,"moTa":null,"categoryId":2,"createdById":1}
    Session Attrs = {}

Handler:
             Type = com.flogin.controller.ProductController
           Method = com.flogin.controller.ProductController#createProduct(ProductDto)

Async:
    Async started = false
     Async result = null

Resolved Exception:
             Type = null

ModelAndView:
        View name = null
             View = null
            Model = null

FlashMap:
       Attributes = null

MockHttpServletResponse:
           Status = 201
    Error message = null
          Headers = [Vary:"Origin", "Access-Control-Request-Method", "Access-Control-Request-Headers", Content-Type:"application/json;charset=UTF-8"]
     Content type = application/json;charset=UTF-8
             Body = {"id":3,"ten":"iPhone 15","gia":25000000,"soLuong":5,"moTa":null,"categoryId":2,"createdById":1}
    Forwarded URL = null
   Redirected URL = null
          Cookies = []
]]></system-out>
  </testcase>
  <testcase name="testDeleteProductSuccess" classname="com.flogin.controller.ProductControllerIntegrationTest" time="0.016">
    <system-out><![CDATA[2025-11-11 11:01:19 - Mapped to com.flogin.controller.ProductController#deleteProduct(Long)
2025-11-11 11:01:19 - Using 'application/json', given [*/*] and supported [application/json, application/*+json]
2025-11-11 11:01:19 - Nothing to write: null body

MockHttpServletRequest:
      HTTP Method = DELETE
      Request URI = /api/products/1
       Parameters = {}
          Headers = []
             Body = null
    Session Attrs = {}

Handler:
             Type = com.flogin.controller.ProductController
           Method = com.flogin.controller.ProductController#deleteProduct(Long)

Async:
    Async started = false
     Async result = null

Resolved Exception:
             Type = null

ModelAndView:
        View name = null
             View = null
            Model = null

FlashMap:
       Attributes = null

MockHttpServletResponse:
           Status = 204
    Error message = null
          Headers = [Vary:"Origin", "Access-Control-Request-Method", "Access-Control-Request-Headers"]
     Content type = null
             Body = 
    Forwarded URL = null
   Redirected URL = null
          Cookies = []
]]></system-out>
  </testcase>
  <testcase name="testCreateProductZeroQuantity" classname="com.flogin.controller.ProductControllerIntegrationTest" time="0.013">
    <system-out><![CDATA[2025-11-11 11:01:19 - Mapped to com.flogin.controller.ProductController#createProduct(ProductDto)
2025-11-11 11:01:19 - Read "application/json;charset=UTF-8" to [ProductDto(id=null, ten=H?t hàng, gia=100000, soLuong=0, moTa=null, categoryId=1, createdById=1)]
2025-11-11 11:01:19 - Using 'application/json', given [*/*] and supported [application/json, application/*+json]
2025-11-11 11:01:19 - Writing [ProductDto(id=null, ten=H?t hàng, gia=100000, soLuong=0, moTa=null, categoryId=1, createdById=1)]
]]></system-out>
  </testcase>
  <testcase name="testCreateProductMaxPrice" classname="com.flogin.controller.ProductControllerIntegrationTest" time="0.012">
    <system-out><![CDATA[2025-11-11 11:01:19 - Mapped to com.flogin.controller.ProductController#createProduct(ProductDto)
2025-11-11 11:01:19 - Read "application/json;charset=UTF-8" to [ProductDto(id=null, ten=Siêu xe, gia=999999999.99, soLuong=1, moTa=null, categoryId=1, createdById=1 (truncated)...]
2025-11-11 11:01:19 - Using 'application/json', given [*/*] and supported [application/json, application/*+json]
2025-11-11 11:01:19 - Writing [ProductDto(id=null, ten=Siêu xe, gia=999999999.99, soLuong=1, moTa=null, categoryId=1, createdById=1 (truncated)...]
]]></system-out>
  </testcase>
  <testcase name="testCreateProductCategoryNotFound" classname="com.flogin.controller.ProductControllerIntegrationTest" time="0.015">
    <system-out><![CDATA[2025-11-11 11:01:19 - Mapped to com.flogin.controller.ProductController#createProduct(ProductDto)
2025-11-11 11:01:19 - Read "application/json;charset=UTF-8" to [ProductDto(id=null, ten=Product, gia=100000, soLuong=10, moTa=null, categoryId=999, createdById=1)]
2025-11-11 11:01:19 - Using @ExceptionHandler com.flogin.config.GlobalExceptionHandler#handleRuntimeException(RuntimeException)
2025-11-11 11:01:19 - Using 'text/plain', given [*/*] and supported [text/plain, */*, application/json, application/*+json]
2025-11-11 11:01:19 - Writing ["Không tìm th?y Category ID: 999"]
2025-11-11 11:01:19 - Resolved [java.lang.RuntimeException: Không tìm th?y Category ID: 999]
]]></system-out>
  </testcase>
  <testcase name="testCreateProductMaxQuantity" classname="com.flogin.controller.ProductControllerIntegrationTest" time="0.006">
    <system-out><![CDATA[2025-11-11 11:01:19 - Mapped to com.flogin.controller.ProductController#createProduct(ProductDto)
2025-11-11 11:01:19 - Read "application/json;charset=UTF-8" to [ProductDto(id=null, ten=Mass product, gia=1000, soLuong=99999, moTa=null, categoryId=1, createdById= (truncated)...]
2025-11-11 11:01:19 - Using 'application/json', given [*/*] and supported [application/json, application/*+json]
2025-11-11 11:01:19 - Writing [ProductDto(id=null, ten=Mass product, gia=1000, soLuong=99999, moTa=null, categoryId=1, createdById= (truncated)...]
]]></system-out>
  </testcase>
  <testcase name="testGetAllProductsSuccess" classname="com.flogin.controller.ProductControllerIntegrationTest" time="0.011">
    <system-out><![CDATA[2025-11-11 11:01:19 - Mapped to com.flogin.controller.ProductController#getAllProducts()
2025-11-11 11:01:19 - Using 'application/json', given [*/*] and supported [application/json, application/*+json]
2025-11-11 11:01:19 - Writing [[ProductDto(id=1, ten=Laptop Dell, gia=15000000, soLuong=10, moTa=null, categoryId=1, createdById=1) (truncated)...]

MockHttpServletRequest:
      HTTP Method = GET
      Request URI = /api/products
       Parameters = {}
          Headers = [Content-Type:"application/json;charset=UTF-8"]
             Body = null
    Session Attrs = {}

Handler:
             Type = com.flogin.controller.ProductController
           Method = com.flogin.controller.ProductController#getAllProducts()

Async:
    Async started = false
     Async result = null

Resolved Exception:
             Type = null

ModelAndView:
        View name = null
             View = null
            Model = null

FlashMap:
       Attributes = null

MockHttpServletResponse:
           Status = 200
    Error message = null
          Headers = [Vary:"Origin", "Access-Control-Request-Method", "Access-Control-Request-Headers", Content-Type:"application/json;charset=UTF-8"]
     Content type = application/json;charset=UTF-8
             Body = [{"id":1,"ten":"Laptop Dell","gia":15000000,"soLuong":10,"moTa":null,"categoryId":1,"createdById":1},{"id":2,"ten":"Mouse Logitech","gia":200000,"soLuong":50,"moTa":null,"categoryId":1,"createdById":1}]
    Forwarded URL = null
   Redirected URL = null
          Cookies = []
]]></system-out>
  </testcase>
  <testcase name="testDeleteProductNotFound" classname="com.flogin.controller.ProductControllerIntegrationTest" time="0.007">
    <system-out><![CDATA[2025-11-11 11:01:19 - Mapped to com.flogin.controller.ProductController#deleteProduct(Long)
2025-11-11 11:01:19 - Using @ExceptionHandler com.flogin.config.GlobalExceptionHandler#handleRuntimeException(RuntimeException)
2025-11-11 11:01:19 - Using 'text/plain', given [*/*] and supported [text/plain, */*, application/json, application/*+json]
2025-11-11 11:01:19 - Writing ["Không tìm th?y s?n ph?m v?i id: 999"]
2025-11-11 11:01:19 - Resolved [java.lang.RuntimeException: Không tìm th?y s?n ph?m v?i id: 999]
]]></system-out>
  </testcase>
  <testcase name="testGetAllProductsResponseStructure" classname="com.flogin.controller.ProductControllerIntegrationTest" time="0.012">
    <system-out><![CDATA[2025-11-11 11:01:19 - Mapped to com.flogin.controller.ProductController#getAllProducts()
2025-11-11 11:01:19 - Using 'application/json', given [*/*] and supported [application/json, application/*+json]
2025-11-11 11:01:19 - Writing [[ProductDto(id=1, ten=Laptop Dell, gia=15000000, soLuong=10, moTa=null, categoryId=1, createdById=1) (truncated)...]
]]></system-out>
  </testcase>
</testsuite>